<?xml version="1.0" encoding="UTF-8"?>
<!-- Generated by org.testng.reporters.JUnitXMLReporter -->
<testsuite ignored="1" hostname="DESKTOP-LG2T0TR" failures="0" tests="1" name="Test" time="13.436" errors="0" timestamp="2024-12-29T08:21:17 GMT-08:00">
  <testcase classname="testcases.LoginTestCase" name="testLoginWithValidCredentials" time="0.846"/>
  <testcase classname="testcomponenets.BaseTest" name="@BeforeSuite setupSuite" time="0.0">
    <ignored/>
  </testcase> <!-- @BeforeSuite setupSuite -->
</testsuite> <!-- Test -->
