<?xml version="1.0" encoding="UTF-8"?>
<testng-results ignored="0" total="1" passed="1" failed="0" skipped="0">
  <reporter-output>
  </reporter-output>
  <suite started-at="2024-12-29T08:21:03 GMT-08:00" name="Suite" finished-at="2024-12-29T08:21:17 GMT-08:00" duration-ms="13436">
    <groups>
    </groups>
    <test started-at="2024-12-29T08:21:03 GMT-08:00" name="Test" finished-at="2024-12-29T08:21:17 GMT-08:00" duration-ms="13436">
      <class name="testcases.LoginTestCase">
        <test-method is-config="true" signature="setupSuite()[pri:0, instance:testcases.LoginTestCase@42a48628]" started-at="2024-12-29T08:21:03 GMT-08:00" name="setupSuite" finished-at="2024-12-29T08:21:03 GMT-08:00" duration-ms="14" status="PASS">
          <reporter-output>
          </reporter-output>
        </test-method> <!-- setupSuite -->
        <test-method is-config="true" signature="setUp(org.testng.ITestContext)[pri:0, instance:testcases.LoginTestCase@42a48628]" started-at="2024-12-29T08:21:04 GMT-08:00" name="setUp" finished-at="2024-12-29T08:21:15 GMT-08:00" duration-ms="11777" status="PASS">
          <params>
            <param index="0">
              <value>
                <![CDATA[org.testng.TestRunner@588cd519]]>
              </value>
            </param>
          </params>
          <reporter-output>
          </reporter-output>
        </test-method> <!-- setUp -->
        <test-method signature="testLoginWithValidCredentials()[pri:0, instance:testcases.LoginTestCase@42a48628]" started-at="2024-12-29T08:21:15 GMT-08:00" name="testLoginWithValidCredentials" finished-at="2024-12-29T08:21:16 GMT-08:00" duration-ms="846" status="PASS">
          <reporter-output>
          </reporter-output>
        </test-method> <!-- testLoginWithValidCredentials -->
        <test-method is-config="true" signature="tearDown()[pri:0, instance:testcases.LoginTestCase@42a48628]" started-at="2024-12-29T08:21:16 GMT-08:00" name="tearDown" finished-at="2024-12-29T08:21:17 GMT-08:00" duration-ms="481" status="PASS">
          <reporter-output>
          </reporter-output>
        </test-method> <!-- tearDown -->
      </class> <!-- testcases.LoginTestCase -->
    </test> <!-- Test -->
  </suite> <!-- Suite -->
</testng-results>
