<?xml version="1.0" encoding="UTF-8"?>
<testng-results ignored="0" total="1" passed="1" failed="0" skipped="0">
  <reporter-output>
  </reporter-output>
  <suite started-at="2025-01-12T04:41:17 GMT-08:00" name="Default suite" finished-at="2025-01-12T04:41:28 GMT-08:00" duration-ms="11564">
    <groups>
    </groups>
    <test started-at="2025-01-12T04:41:17 GMT-08:00" name="Default test" finished-at="2025-01-12T04:41:28 GMT-08:00" duration-ms="11564">
      <class name="testcases.LoginTestCase">
        <test-method is-config="true" signature="setupSuite()[pri:0, instance:testcases.LoginTestCase@3a52dba3]" started-at="2025-01-12T04:41:17 GMT-08:00" name="setupSuite" finished-at="2025-01-12T04:41:17 GMT-08:00" duration-ms="15" status="PASS">
          <reporter-output>
          </reporter-output>
        </test-method> <!-- setupSuite -->
        <test-method is-config="true" signature="setUp(org.testng.ITestContext)[pri:0, instance:testcases.LoginTestCase@3a52dba3]" started-at="2025-01-12T04:41:17 GMT-08:00" name="setUp" finished-at="2025-01-12T04:41:27 GMT-08:00" duration-ms="9698" status="PASS">
          <params>
            <param index="0">
              <value>
                <![CDATA[org.testng.TestRunner@2679311f]]>
              </value>
            </param>
          </params>
          <reporter-output>
          </reporter-output>
        </test-method> <!-- setUp -->
        <test-method signature="testLoginWithValidCredentials()[pri:0, instance:testcases.LoginTestCase@3a52dba3]" started-at="2025-01-12T04:41:27 GMT-08:00" name="testLoginWithValidCredentials" finished-at="2025-01-12T04:41:28 GMT-08:00" duration-ms="935" status="PASS">
          <reporter-output>
          </reporter-output>
        </test-method> <!-- testLoginWithValidCredentials -->
        <test-method is-config="true" signature="tearDown()[pri:0, instance:testcases.LoginTestCase@3a52dba3]" started-at="2025-01-12T04:41:28 GMT-08:00" name="tearDown" finished-at="2025-01-12T04:41:28 GMT-08:00" duration-ms="486" status="PASS">
          <reporter-output>
          </reporter-output>
        </test-method> <!-- tearDown -->
      </class> <!-- testcases.LoginTestCase -->
    </test> <!-- Default test -->
  </suite> <!-- Default suite -->
</testng-results>
