<?xml version="1.0" encoding="UTF-8"?>
<testng-results ignored="0" total="1" passed="1" failed="0" skipped="0">
  <reporter-output>
  </reporter-output>
  <suite started-at="2024-12-15T04:44:09 GMT-08:00" name="Default suite" finished-at="2024-12-15T04:44:13 GMT-08:00" duration-ms="3676">
    <groups>
    </groups>
    <test started-at="2024-12-15T04:44:09 GMT-08:00" name="Default test" finished-at="2024-12-15T04:44:13 GMT-08:00" duration-ms="3676">
      <class name="testcomponenets.BaseTest">
        <test-method is-config="true" signature="setupSuite()[pri:0, instance:testcomponenets.BaseTest@2362f559]" started-at="2024-12-15T04:44:09 GMT-08:00" name="setupSuite" finished-at="2024-12-15T04:44:09 GMT-08:00" duration-ms="11" status="PASS">
          <reporter-output>
          </reporter-output>
        </test-method> <!-- setupSuite -->
      </class> <!-- testcomponenets.BaseTest -->
      <class name="testcases.LoginTestCase">
        <test-method is-config="true" signature="setUp(org.testng.ITestContext)[pri:0, instance:testcases.LoginTestCase@23348b5d]" started-at="2024-12-15T04:44:09 GMT-08:00" name="setUp" finished-at="2024-12-15T04:44:12 GMT-08:00" duration-ms="2421" status="PASS">
          <params>
            <param index="0">
              <value>
                <![CDATA[org.testng.TestRunner@7baf6acf]]>
              </value>
            </param>
          </params>
          <reporter-output>
          </reporter-output>
        </test-method> <!-- setUp -->
        <test-method signature="testLoginWithValidCredentials()[pri:0, instance:testcases.LoginTestCase@23348b5d]" started-at="2024-12-15T04:44:12 GMT-08:00" name="testLoginWithValidCredentials" finished-at="2024-12-15T04:44:13 GMT-08:00" duration-ms="818" status="PASS">
          <reporter-output>
          </reporter-output>
        </test-method> <!-- testLoginWithValidCredentials -->
        <test-method is-config="true" signature="tearDown()[pri:0, instance:testcases.LoginTestCase@23348b5d]" started-at="2024-12-15T04:44:13 GMT-08:00" name="tearDown" finished-at="2024-12-15T04:44:13 GMT-08:00" duration-ms="129" status="PASS">
          <reporter-output>
          </reporter-output>
        </test-method> <!-- tearDown -->
      </class> <!-- testcases.LoginTestCase -->
    </test> <!-- Default test -->
  </suite> <!-- Default suite -->
</testng-results>
